2025-10-31 12:16:29,111 - INFO - TIME sent successfully
2025-10-31 12:16:35,533 - INFO - RAND sent successfully
2025-10-31 12:16:44,112 - INFO - exited program successfully
2025-10-31 12:16:44,113 - WARNING - closed server from client command
2025-10-31 12:19:12,292 - INFO - RAND sent successfully
2025-10-31 12:19:16,719 - INFO - RAND sent successfully
2025-10-31 12:19:19,868 - INFO - TIME sent successfully
2025-10-31 12:19:22,451 - INFO - exited program successfully
2025-10-31 12:19:22,452 - WARNING - closed server from client command
2025-10-31 12:25:18,128 - INFO - NAME sent successfully
2025-10-31 12:25:59,577 - INFO - TIME sent successfully
2025-10-31 12:28:46,678 - INFO - TIME sent successfully
2025-10-31 12:28:54,131 - INFO - TIME sent successfully
2025-10-31 12:29:24,106 - INFO - TIME sent successfully
2025-10-31 12:29:46,068 - INFO - TIME sent successfully
2025-10-31 12:29:51,611 - INFO - RAND sent successfully
2025-10-31 12:30:28,420 - INFO - TIME sent successfully
2025-10-31 12:30:31,638 - INFO - RAND sent successfully
2025-10-31 12:30:35,371 - INFO - RAND sent successfully
2025-10-31 12:30:38,812 - INFO - TIME sent successfully
2025-10-31 12:32:02,096 - INFO - TIME sent successfully
2025-10-31 12:32:03,968 - INFO - NAME sent successfully
2025-10-31 12:32:10,788 - INFO - RAND sent successfully
2025-10-31 12:32:16,755 - INFO - RAND sent successfully
2025-10-31 12:32:18,733 - INFO - RAND sent successfully
2025-10-31 12:32:22,033 - INFO - RAND sent successfully
2025-10-31 12:32:33,778 - INFO - RAND sent successfully
2025-10-31 12:32:37,222 - INFO - RAND sent successfully
2025-10-31 12:32:42,091 - INFO - RAND sent successfully
2025-10-31 12:32:43,912 - INFO - RAND sent successfully
2025-10-31 12:35:50,894 - WARNING - INPUT ERROR WRONG INPUT ENTERED
2025-10-31 12:35:56,327 - INFO - TIME sent successfully
2025-10-31 12:57:09,816 - WARNING - INPUT ERROR WRONG INPUT ENTERED
