2025-10-18 22:07:40,906 - INFO - successful message encrypted message: 91,19,30,90,98,30,90,98,12,98,91,16,90,91,
2025-10-18 22:07:40,906 - INFO - successful message decrypt message: this is a test
2025-10-18 22:07:40,906 - INFO - successful message decrypt message: this is a tester
2025-10-18 22:08:03,690 - INFO - successful message encrypted message: 91,19,30,90,98,30,90,98,12,98,91,16,90,91,
2025-10-18 22:08:03,690 - INFO - successful message decrypt message: this is a test
2025-10-18 22:08:53,036 - INFO - successful message encrypted message: 91,19,30,90,98,30,90,98,12,98,91,16,90,91,
2025-10-18 22:08:53,036 - INFO - successful message decrypt message: this is a test
2025-10-18 22:08:53,036 - INFO - successful message encrypted message: 90,16,91,98,12,98,90,30,98,90,30,19,91,
2025-10-18 22:08:54,069 - INFO - successful message encrypted message: 91,19,30,90,98,30,90,98,12,98,91,16,90,91,
2025-10-18 22:08:54,069 - INFO - successful message decrypt message: this is a test
2025-10-18 22:08:54,069 - INFO - successful message encrypted message: 90,16,91,98,12,98,90,30,98,90,30,19,91,
2025-10-18 22:08:55,194 - INFO - successful message encrypted message: 91,19,30,90,98,30,90,98,12,98,91,16,90,91,
2025-10-18 22:08:55,194 - INFO - successful message decrypt message: this is a test
2025-10-18 22:08:55,194 - INFO - successful message encrypted message: 90,16,91,98,12,98,90,30,98,90,30,19,91,
2025-10-18 22:08:57,586 - INFO - successful message encrypted message: 91,19,30,90,98,30,90,98,12,98,91,16,90,91,
2025-10-18 22:08:57,586 - INFO - successful message decrypt message: this is a test
2025-10-18 22:08:57,586 - INFO - successful message encrypted message: 90,16,91,98,12,98,90,30,98,90,30,19,91,
2025-10-18 22:09:00,891 - INFO - successful message encrypted message: 91,19,30,90,98,30,90,98,12,98,91,16,90,91,
2025-10-18 22:09:00,891 - INFO - successful message decrypt message: this is a test
2025-10-18 22:09:00,891 - INFO - successful message encrypted message: 90,16,91,98,12,98,90,30,98,90,30,19,91,
2025-10-18 22:18:30,729 - INFO - successful message encrypted message: 91,19,30,90,98,30,90,98,12,98,91,16,90,91,
2025-10-18 22:18:30,729 - INFO - successful message decrypt message: this is a test
2025-10-18 22:18:30,730 - INFO - successful message encrypted message: 90,16,91,98,12,98,90,30,98,90,30,19,91,
2025-10-18 22:18:30,730 - INFO - successful flip-encrypt message: 91,19,30,90,98,30,90,98,12,98,91,16,90,
2025-10-18 22:18:32,626 - INFO - successful message encrypted message: 91,19,30,90,98,30,90,98,12,98,91,16,90,91,
2025-10-18 22:18:32,626 - INFO - successful message decrypt message: this is a test
2025-10-18 22:18:32,626 - INFO - successful message encrypted message: 90,16,91,98,12,98,90,30,98,90,30,19,91,
2025-10-18 22:18:32,626 - INFO - successful flip-encrypt message: 91,19,30,90,98,30,90,98,12,98,91,16,90,
2025-10-18 22:18:38,570 - INFO - successful message encrypted message: 91,19,30,90,98,30,90,98,12,98,91,16,90,91,
2025-10-18 22:18:38,570 - INFO - successful message decrypt message: this is a test
2025-10-18 22:18:38,570 - INFO - successful message encrypted message: 90,16,91,98,12,98,90,30,98,90,30,19,91,
2025-10-18 22:18:38,570 - INFO - successful flip-encrypt message: 91,19,30,90,98,30,90,98,12,98,91,16,90,
2025-10-18 22:18:45,667 - INFO - successful message encrypted message: 91,19,30,90,98,30,90,98,12,98,91,16,90,91,
2025-10-18 22:18:45,667 - INFO - successful message decrypt message: this is a test
2025-10-18 22:18:45,667 - INFO - successful message encrypted message: 90,16,91,98,12,98,90,30,98,90,30,19,91,
2025-10-18 22:18:45,667 - INFO - successful flip-encrypt message: 91,19,30,90,98,30,90,98,12,98,91,16,90,
2025-10-18 22:18:46,971 - INFO - successful message encrypted message: 91,19,30,90,98,30,90,98,12,98,91,16,90,91,
2025-10-18 22:18:46,971 - INFO - successful message decrypt message: this is a test
2025-10-18 22:18:46,971 - INFO - successful message encrypted message: 90,16,91,98,12,98,90,30,98,90,30,19,91,
2025-10-18 22:18:46,971 - INFO - successful flip-encrypt message: 91,19,30,90,98,30,90,98,12,98,91,16,90,
2025-10-18 22:23:03,866 - INFO - successful message encrypted message: 91,19,30,90,98,30,90,98,12,98,91,16,90,91,
2025-10-18 22:23:03,867 - INFO - successful message decrypt message: this is a test
2025-10-18 22:23:03,867 - INFO - successful message encrypted message: 91,19,30,90,98,30,90,98,12,98,91,16,90,91,
2025-10-18 22:23:03,867 - INFO - successful flip-encrypt message: 91,90,16,91,98,12,98,90,30,98,90,30,19,91,
2025-10-18 22:23:03,867 - INFO - successful message decrypt message: this is a test
2025-10-18 22:23:03,867 - INFO - successful message encrypted message: 91,19,30,90,98,30,90,98,12,98,91,16,90,91,
2025-10-18 22:23:03,867 - INFO - successful flip-encrypt message: 91,90,16,91,98,12,98,90,30,98,90,30,19,91,
2025-10-18 22:23:48,596 - INFO - successful message encrypted message: 91,19,30,90,98,30,90,98,12,98,91,16,90,91,
2025-10-18 22:23:48,596 - INFO - successful message decrypt message: this is a test
2025-10-18 22:23:48,596 - INFO - successful message encrypted message: 91,19,30,90,98,30,90,98,12,98,91,16,90,91,
2025-10-18 22:23:48,596 - INFO - successful flip-encrypt message: 91,90,16,91,98,12,98,90,30,98,90,30,19,91,
2025-10-18 22:23:48,596 - INFO - successful message decrypt message: this is a test
2025-10-18 22:23:48,596 - INFO - successful message encrypted message: 91,19,30,90,98,30,90,98,12,98,91,16,90,91,
2025-10-18 22:23:48,596 - INFO - successful flip-encrypt message: 91,90,16,91,98,12,98,90,30,98,90,30,19,91,
2025-10-18 22:24:29,884 - INFO - successful message encrypted message: 91,19,30,90,98,30,90,98,12,98,91,16,90,91,
2025-10-18 22:24:29,884 - INFO - successful message decrypt message: this is a test
2025-10-18 22:24:29,884 - INFO - successful message encrypted message: 91,19,30,90,98,30,90,98,12,98,91,16,90,91,
2025-10-18 22:24:29,884 - INFO - successful flip-encrypt message: 91,90,16,91,98,12,98,90,30,98,90,30,19,91,
2025-10-18 22:24:29,884 - INFO - successful message decrypt message: this is a test
2025-10-18 22:24:29,884 - INFO - successful message decrypt message: tset a si siht
